temp/nestedChildren.exe
temp/modifiedGreeting.log
temp/Rodriguez_Josue_Proj1.tar
temp/tester.sh
temp/oneParent.exe
temp/part2.log
temp/greeting.sh
temp/displayinfo.log
temp/greetingmsg.txt
temp/oneParent.c
temp/makeclean.log
temp/.gitignore
temp/greeting.log
temp/make.log
temp/.git
temp/.git/refs
temp/.git/refs/tags
temp/.git/refs/remotes
temp/.git/refs/remotes/origin
temp/.git/refs/remotes/origin/master
temp/.git/refs/heads
temp/.git/refs/heads/master
temp/.git/ORIG_HEAD
temp/.git/branches
temp/.git/index
temp/.git/config
temp/.git/logs
temp/.git/logs/refs
temp/.git/logs/refs/remotes
temp/.git/logs/refs/remotes/origin
temp/.git/logs/refs/remotes/origin/master
temp/.git/logs/refs/heads
temp/.git/logs/refs/heads/master
temp/.git/logs/HEAD
temp/.git/COMMIT_EDITMSG
temp/.git/FETCH_HEAD
temp/.git/info
temp/.git/info/exclude
temp/.git/hooks
temp/.git/hooks/pre-rebase.sample
temp/.git/hooks/pre-commit.sample
temp/.git/hooks/pre-applypatch.sample
temp/.git/hooks/prepare-commit-msg.sample
temp/.git/hooks/update.sample
temp/.git/hooks/commit-msg.sample
temp/.git/hooks/pre-push.sample
temp/.git/hooks/post-update.sample
temp/.git/hooks/applypatch-msg.sample
temp/.git/HEAD
temp/.git/description
temp/.git/objects
temp/.git/objects/5f
temp/.git/objects/5f/6ab4bf9f113ae8ce79d477fb861d6dce74a1c3
temp/.git/objects/ee
temp/.git/objects/ee/7dc3beddcfc72ec5cac93f5f48c9b8923e3861
temp/.git/objects/2f
temp/.git/objects/2f/1274a704c1275b221acc5a0e4e3528d6fec4e6
temp/.git/objects/be
temp/.git/objects/be/bcf5a3c8a3c3ab1ae801d9f23b329112a3e4a0
temp/.git/objects/c3
temp/.git/objects/c3/deba785b26247b601fdfc48d63c023d43aabfe
temp/.git/objects/98
temp/.git/objects/98/e2646a3c035df79127d30f75eb445542173c07
temp/.git/objects/3a
temp/.git/objects/3a/634a4b70f943cf611fc260b44b4c0f3d1ce858
temp/.git/objects/d1
temp/.git/objects/d1/eed3dda1255e0157ebc0a058b785e538f8c32a
temp/.git/objects/62
temp/.git/objects/62/a1b2991bf5be8841a71219a03f88cfc51fc02e
temp/.git/objects/40
temp/.git/objects/40/70ef22b01b06054f22616eeba02d9a998b30af
temp/.git/objects/32
temp/.git/objects/32/f032f116d1bc0ae20cc7013509437719a73604
temp/.git/objects/9a
temp/.git/objects/9a/f1415b8200f5a0b1722f0260e8151ca8b5d6e8
temp/.git/objects/c6
temp/.git/objects/c6/e5a462716c02af4abaa4285bdb0856f2ae2b33
temp/.git/objects/22
temp/.git/objects/22/4e131dfe7e32f4c0059cb6dcdccde77173e4a2
temp/.git/objects/22/9d82fe09c92e4bfb9f2b28a894031769f82b39
temp/.git/objects/85
temp/.git/objects/85/e914ef7da81c68b7c125b620815964ad8d408f
temp/.git/objects/85/b1cb33771f6f9882aed2605193bbc469a5ccf0
temp/.git/objects/08
temp/.git/objects/08/8852c12c2dc08065d452d466580c1d6d9a6027
temp/.git/objects/9e
temp/.git/objects/9e/8b95970f3ec9fbb7d68c45100e033fb99e84bb
temp/.git/objects/7a
temp/.git/objects/7a/b77fc2de72601906de040c4d73bc3db163df23
temp/.git/objects/7a/d55bcd789f5f184e951b4c8a44fa5ffcbebbee
temp/.git/objects/16
temp/.git/objects/16/420d1cddab4f9b5621b156319d1a66a30bb2c3
temp/.git/objects/6c
temp/.git/objects/6c/b6963ac75ea1e47d93308fd635679b87683bb9
temp/.git/objects/f7
temp/.git/objects/f7/0e9d404ef1c26d7bb6e0b65585ea2419aff6a6
temp/.git/objects/6e
temp/.git/objects/6e/eb5c26afccdf8aae2981b31c5f34f4a3e21ff7
temp/.git/objects/d3
temp/.git/objects/d3/a6146fd060612f458cda4d32c7d06225c6c3b6
temp/.git/objects/6d
temp/.git/objects/6d/a786bdc43d3b0935f5f66b5b4454e762414671
temp/.git/objects/6d/832f863a86cb443d58c7b5a9f7e1c2b5a4f621
temp/.git/objects/6d/fafc56419928e07838e7f280783902bd58ea0f
temp/.git/objects/a8
temp/.git/objects/a8/c906ff39eaaac76a5503555e38b985a4575bdb
temp/.git/objects/6f
temp/.git/objects/6f/6d129114ee0ad5e26afdc40eb78a698d5fad85
temp/.git/objects/47
temp/.git/objects/47/a37d74f5b220dfc6b92ec4222851e0477ae1b4
temp/.git/objects/d5
temp/.git/objects/d5/6f2099919610528c428a19037683b8e03377e3
temp/.git/objects/c2
temp/.git/objects/c2/b808b09898c0dee8588e52c22f128a9add959d
temp/.git/objects/7d
temp/.git/objects/7d/c20be50044034526569e22c9a49ef6dde83b99
temp/.git/objects/ba
temp/.git/objects/ba/c2237d59874a7049b0de29463d991913dfed92
temp/.git/objects/2d
temp/.git/objects/2d/02277ea5085bc85babb1d8fc18d34266ae2862
temp/.git/objects/96
temp/.git/objects/96/2e6624234b7d3f06b59a08a42e9265df55eaf8
temp/.git/objects/86
temp/.git/objects/86/2c1070f13f2604598aa59191174c7b065b078f
temp/.git/objects/d6
temp/.git/objects/d6/837bfb1f9d1524ed1fb2e5ad3a8fffd1112112
temp/.git/objects/0f
temp/.git/objects/0f/162f8f760a14afc395e46b822aba53274fb6b2
temp/.git/objects/info
temp/.git/objects/f2
temp/.git/objects/f2/cd625af88a22f3ca87b6c94b88672d09bbbfa9
temp/.git/objects/5b
temp/.git/objects/5b/1760d7e83b4a37e9badc9e0242fc0a20d7b095
temp/.git/objects/e6
temp/.git/objects/e6/9de29bb2d1d6434b8b29ae775ad8c2e48c5391
temp/.git/objects/e6/a540590de37151817a4a2f38bd7adc07f98858
temp/.git/objects/e9
temp/.git/objects/e9/03d26df469a7f28ff75c964f96c93fcd38b021
temp/.git/objects/95
temp/.git/objects/95/bfa6da0b30da412b7a2e5f6e7a65ab2ae3bdb9
temp/.git/objects/dd
temp/.git/objects/dd/0424b46db7bd560e340df90673f6cab08607dc
temp/.git/objects/pack
temp/.git/objects/aa
temp/.git/objects/aa/10516f3cf719feddeaeb78c2a7eb3993ab0632
temp/.git/objects/fc
temp/.git/objects/fc/98ccee3f0e7321454b71f68adaabcbb6c1dcba
temp/.git/objects/e7
temp/.git/objects/e7/99c6c3dc9fb16667d50dc8279e83b838769dc7
temp/.git/objects/39
temp/.git/objects/39/7b2fc50138b0d37d75a16d52880567a1c64e55
temp/.git/objects/3f
temp/.git/objects/3f/5c51b5ab8281af941e929592e2bcfa30ad58e2
temp/.git/objects/20
temp/.git/objects/20/1ac26b2e1f6f2cd88a4fa733dbdce7cdce1115
temp/.git/objects/cb
temp/.git/objects/cb/608517674048cfee21f5eef7802a49f9f4b8ea
temp/.git/objects/fe
temp/.git/objects/fe/7cd81626f39cda45f255d9476d30965ef06b72
temp/.git/objects/77
temp/.git/objects/77/e3b5609c3c52a3e23fe261272db25ef8467db1
temp/.git/objects/26
temp/.git/objects/26/d1a3d5838f6fd1142c8b83730a54182881c72d
temp/.git/objects/f1
temp/.git/objects/f1/bde0e2f2741f0c1608047815038e09797791a1
temp/.git/objects/3d
temp/.git/objects/3d/2860538a3db27919e55e14662d44f6e69489f7
temp/.git/objects/c0
temp/.git/objects/c0/2e0f351fa547b4eb13dde1eb7abde66825c443
temp/.git/objects/00
temp/.git/objects/00/376e98b14b4d5a45d819fa925302b9e7ab3a79
temp/.git/objects/21
temp/.git/objects/21/cd63773dc3e99894e4df1260f2cf88ad36065a
temp/Makefile
temp/displayinfo.sh
temp/nestedChildren.c
temp/nestedChildren.o
